<?xml version="1.0" encoding="UTF-8"?>
<!-- Generated by org.testng.reporters.JUnitXMLReporter -->
<testsuite ignored="2" hostname="FFE-Bandi-Saiteja" failures="1" tests="4" name="Test" time="16.427" errors="0" timestamp="2025-08-24T11:01:21 IST">
  <testcase classname="swagLabs.Inventory.ClickOnAddToCartTest" name="clickOnAddToCart" time="1.582"/>
  <testcase classname="swagLabs.Inventory.DemoClassTest" name="demo" time="0.006">
    <skipped/>
  </testcase> <!-- demo -->
  <testcase classname="swagLabs.Inventory.DemoClassTest" name="demo" time="0.002">
    <skipped/>
  </testcase> <!-- demo -->
  <testcase classname="swagLabs.Inventory.DemoClassTest" name="demo" time="0.002">
    <failure type="java.lang.AssertionError" message="null">
      <![CDATA[java.lang.AssertionError: null
at swagLabs.Inventory.DemoClassTest.demo(DemoClassTest.java:13)
at java.base/java.util.ArrayList.forEach(ArrayList.java:1596)
... Removed 27 stack frames]]>
    </failure>
  </testcase> <!-- demo -->
  <testcase classname="swagLabs.GenericUtilities.BaseClass" name="@BeforeSuite bsConfig" time="0.0">
    <ignored/>
  </testcase> <!-- @BeforeSuite bsConfig -->
  <testcase classname="swagLabs.GenericUtilities.BaseClass" name="@AfterSuite asConfig" time="0.0">
    <ignored/>
  </testcase> <!-- @AfterSuite asConfig -->
</testsuite> <!-- Test -->
